{"C:\\Users\\320110174\\Documents\\particular-projects\\task-app-backend\\src\\__tests__\\routes\\repository\\UserRepositoryInMemory.ts": {"path":"C:\\Users\\320110174\\Documents\\particular-projects\\task-app-backend\\src\\__tests__\\routes\\repository\\UserRepositoryInMemory.ts","statementMap":{"0":{"start":{"line":6,"column":12},"end":{"line":6,"column":31}},"1":{"start":{"line":10,"column":8},"end":{"line":18,"column":11}},"2":{"start":{"line":19,"column":21},"end":{"line":19,"column":66}},"3":{"start":{"line":19,"column":45},"end":{"line":19,"column":65}},"4":{"start":{"line":20,"column":8},"end":{"line":22,"column":9}},"5":{"start":{"line":21,"column":12},"end":{"line":21,"column":24}},"6":{"start":{"line":23,"column":8},"end":{"line":23,"column":20}},"7":{"start":{"line":27,"column":8},"end":{"line":35,"column":11}},"8":{"start":{"line":36,"column":8},"end":{"line":36,"column":20}},"9":{"start":{"line":40,"column":8},"end":{"line":48,"column":11}},"10":{"start":{"line":50,"column":8},"end":{"line":52,"column":9}},"11":{"start":{"line":51,"column":12},"end":{"line":51,"column":30}},"12":{"start":{"line":53,"column":8},"end":{"line":53,"column":88}},"13":{"start":{"line":53,"column":41},"end":{"line":53,"column":86}},"14":{"start":{"line":57,"column":8},"end":{"line":65,"column":11}},"15":{"start":{"line":66,"column":8},"end":{"line":66,"column":25}},"16":{"start":{"line":67,"column":8},"end":{"line":67,"column":63}},"17":{"start":{"line":67,"column":47},"end":{"line":67,"column":61}},"18":{"start":{"line":72,"column":8},"end":{"line":80,"column":11}},"19":{"start":{"line":82,"column":22},"end":{"line":82,"column":66}},"20":{"start":{"line":82,"column":51},"end":{"line":82,"column":65}},"21":{"start":{"line":84,"column":8},"end":{"line":86,"column":9}},"22":{"start":{"line":85,"column":12},"end":{"line":85,"column":52}},"23":{"start":{"line":88,"column":8},"end":{"line":88,"column":69}},"24":{"start":{"line":89,"column":8},"end":{"line":89,"column":33}},"25":{"start":{"line":95,"column":8},"end":{"line":103,"column":11}},"26":{"start":{"line":105,"column":21},"end":{"line":105,"column":60}},"27":{"start":{"line":105,"column":45},"end":{"line":105,"column":59}},"28":{"start":{"line":106,"column":8},"end":{"line":108,"column":9}},"29":{"start":{"line":107,"column":12},"end":{"line":107,"column":24}},"30":{"start":{"line":110,"column":8},"end":{"line":110,"column":20}},"31":{"start":{"line":4,"column":0},"end":{"line":4,"column":21}}},"fnMap":{"0":{"name":"(anonymous_0)","decl":{"start":{"line":4,"column":0},"end":{"line":4,"column":21}},"loc":{"start":{"line":4,"column":0},"end":{"line":112,"column":1}}},"1":{"name":"(anonymous_1)","decl":{"start":{"line":9,"column":4},"end":{"line":9,"column":9}},"loc":{"start":{"line":9,"column":35},"end":{"line":24,"column":5}}},"2":{"name":"(anonymous_2)","decl":{"start":{"line":19,"column":37},"end":{"line":19,"column":41}},"loc":{"start":{"line":19,"column":45},"end":{"line":19,"column":65}}},"3":{"name":"(anonymous_3)","decl":{"start":{"line":26,"column":4},"end":{"line":26,"column":9}},"loc":{"start":{"line":26,"column":27},"end":{"line":37,"column":5}}},"4":{"name":"(anonymous_4)","decl":{"start":{"line":39,"column":4},"end":{"line":39,"column":9}},"loc":{"start":{"line":39,"column":30},"end":{"line":54,"column":5}}},"5":{"name":"(anonymous_5)","decl":{"start":{"line":53,"column":33},"end":{"line":53,"column":37}},"loc":{"start":{"line":53,"column":41},"end":{"line":53,"column":86}}},"6":{"name":"(anonymous_6)","decl":{"start":{"line":56,"column":4},"end":{"line":56,"column":9}},"loc":{"start":{"line":56,"column":27},"end":{"line":69,"column":5}}},"7":{"name":"(anonymous_7)","decl":{"start":{"line":67,"column":39},"end":{"line":67,"column":43}},"loc":{"start":{"line":67,"column":47},"end":{"line":67,"column":61}}},"8":{"name":"(anonymous_8)","decl":{"start":{"line":71,"column":4},"end":{"line":71,"column":9}},"loc":{"start":{"line":71,"column":53},"end":{"line":92,"column":5}}},"9":{"name":"(anonymous_9)","decl":{"start":{"line":82,"column":43},"end":{"line":82,"column":47}},"loc":{"start":{"line":82,"column":51},"end":{"line":82,"column":65}}},"10":{"name":"(anonymous_10)","decl":{"start":{"line":94,"column":4},"end":{"line":94,"column":9}},"loc":{"start":{"line":94,"column":29},"end":{"line":111,"column":5}}},"11":{"name":"(anonymous_11)","decl":{"start":{"line":105,"column":37},"end":{"line":105,"column":41}},"loc":{"start":{"line":105,"column":45},"end":{"line":105,"column":59}}}},"branchMap":{"0":{"loc":{"start":{"line":20,"column":8},"end":{"line":22,"column":9}},"type":"if","locations":[{"start":{"line":20,"column":8},"end":{"line":22,"column":9}}]},"1":{"loc":{"start":{"line":50,"column":8},"end":{"line":52,"column":9}},"type":"if","locations":[{"start":{"line":50,"column":8},"end":{"line":52,"column":9}}]},"2":{"loc":{"start":{"line":53,"column":41},"end":{"line":53,"column":86}},"type":"binary-expr","locations":[{"start":{"line":53,"column":41},"end":{"line":53,"column":62}},{"start":{"line":53,"column":66},"end":{"line":53,"column":86}}]},"3":{"loc":{"start":{"line":84,"column":8},"end":{"line":86,"column":9}},"type":"if","locations":[{"start":{"line":84,"column":8},"end":{"line":86,"column":9}}]},"4":{"loc":{"start":{"line":106,"column":8},"end":{"line":108,"column":9}},"type":"if","locations":[{"start":{"line":106,"column":8},"end":{"line":108,"column":9}}]}},"s":{"0":1,"1":1,"2":1,"3":1,"4":1,"5":0,"6":1,"7":0,"8":0,"9":1,"10":1,"11":1,"12":0,"13":0,"14":1,"15":1,"16":1,"17":3,"18":1,"19":1,"20":1,"21":1,"22":0,"23":1,"24":1,"25":1,"26":1,"27":1,"28":1,"29":0,"30":1,"31":1},"f":{"0":1,"1":1,"2":1,"3":0,"4":1,"5":0,"6":1,"7":3,"8":1,"9":1,"10":1,"11":1},"b":{"0":[0],"1":[1],"2":[0,0],"3":[0],"4":[0]}}
,"C:\\Users\\320110174\\Documents\\particular-projects\\task-app-backend\\src\\adapters\\postgres\\UserRepositoryPostgres.ts": {"path":"C:\\Users\\320110174\\Documents\\particular-projects\\task-app-backend\\src\\adapters\\postgres\\UserRepositoryPostgres.ts","statementMap":{"0":{"start":{"line":1,"column":0},"end":{"line":1,"column":49}},"1":{"start":{"line":4,"column":0},"end":{"line":4,"column":28}},"2":{"start":{"line":9,"column":8},"end":{"line":29,"column":9}},"3":{"start":{"line":10,"column":71},"end":{"line":10,"column":75}},"4":{"start":{"line":11,"column":35},"end":{"line":11,"column":66}},"5":{"start":{"line":13,"column":12},"end":{"line":16,"column":13}},"6":{"start":{"line":18,"column":12},"end":{"line":18,"column":60}},"7":{"start":{"line":19,"column":12},"end":{"line":19,"column":24}},"8":{"start":{"line":22,"column":12},"end":{"line":28,"column":13}},"9":{"start":{"line":23,"column":16},"end":{"line":23,"column":69}},"10":{"start":{"line":24,"column":16},"end":{"line":24,"column":56}},"11":{"start":{"line":26,"column":16},"end":{"line":26,"column":61}},"12":{"start":{"line":27,"column":16},"end":{"line":27,"column":56}},"13":{"start":{"line":33,"column":32},"end":{"line":33,"column":45}},"14":{"start":{"line":35,"column":8},"end":{"line":37,"column":83}},"15":{"start":{"line":41,"column":29},"end":{"line":41,"column":87}},"16":{"start":{"line":42,"column":57},"end":{"line":42,"column":61}},"17":{"start":{"line":43,"column":8},"end":{"line":45,"column":9}},"18":{"start":{"line":44,"column":12},"end":{"line":44,"column":46}},"19":{"start":{"line":46,"column":8},"end":{"line":56,"column":10}},"20":{"start":{"line":58,"column":8},"end":{"line":58,"column":20}},"21":{"start":{"line":62,"column":29},"end":{"line":62,"column":87}},"22":{"start":{"line":64,"column":8},"end":{"line":66,"column":9}},"23":{"start":{"line":65,"column":12},"end":{"line":65,"column":46}},"24":{"start":{"line":67,"column":8},"end":{"line":70,"column":10}},"25":{"start":{"line":74,"column":8},"end":{"line":84,"column":9}},"26":{"start":{"line":75,"column":33},"end":{"line":75,"column":97}},"27":{"start":{"line":76,"column":12},"end":{"line":78,"column":13}},"28":{"start":{"line":77,"column":16},"end":{"line":77,"column":28}},"29":{"start":{"line":79,"column":12},"end":{"line":79,"column":35}},"30":{"start":{"line":82,"column":12},"end":{"line":82,"column":65}},"31":{"start":{"line":83,"column":12},"end":{"line":83,"column":46}},"32":{"start":{"line":87,"column":8},"end":{"line":97,"column":9}},"33":{"start":{"line":88,"column":33},"end":{"line":88,"column":91}},"34":{"start":{"line":89,"column":12},"end":{"line":91,"column":13}},"35":{"start":{"line":90,"column":16},"end":{"line":90,"column":28}},"36":{"start":{"line":92,"column":12},"end":{"line":92,"column":35}},"37":{"start":{"line":95,"column":12},"end":{"line":95,"column":62}},"38":{"start":{"line":96,"column":12},"end":{"line":96,"column":46}},"39":{"start":{"line":6,"column":0},"end":{"line":6,"column":13}}},"fnMap":{"0":{"name":"(anonymous_1)","decl":{"start":{"line":8,"column":4},"end":{"line":8,"column":9}},"loc":{"start":{"line":8,"column":27},"end":{"line":30,"column":5}}},"1":{"name":"(anonymous_2)","decl":{"start":{"line":32,"column":4},"end":{"line":32,"column":9}},"loc":{"start":{"line":32,"column":34},"end":{"line":38,"column":5}}},"2":{"name":"(anonymous_3)","decl":{"start":{"line":40,"column":4},"end":{"line":40,"column":9}},"loc":{"start":{"line":40,"column":37},"end":{"line":59,"column":5}}},"3":{"name":"(anonymous_4)","decl":{"start":{"line":61,"column":4},"end":{"line":61,"column":9}},"loc":{"start":{"line":61,"column":27},"end":{"line":71,"column":5}}},"4":{"name":"(anonymous_5)","decl":{"start":{"line":73,"column":4},"end":{"line":73,"column":9}},"loc":{"start":{"line":73,"column":35},"end":{"line":85,"column":5}}},"5":{"name":"(anonymous_6)","decl":{"start":{"line":86,"column":4},"end":{"line":86,"column":9}},"loc":{"start":{"line":86,"column":29},"end":{"line":98,"column":5}}}},"branchMap":{"0":{"loc":{"start":{"line":22,"column":12},"end":{"line":28,"column":13}},"type":"if","locations":[{"start":{"line":22,"column":12},"end":{"line":28,"column":13}},{"start":{"line":25,"column":19},"end":{"line":28,"column":13}}]},"1":{"loc":{"start":{"line":32,"column":15},"end":{"line":32,"column":34}},"type":"default-arg","locations":[{"start":{"line":32,"column":32},"end":{"line":32,"column":34}}]},"2":{"loc":{"start":{"line":35,"column":15},"end":{"line":37,"column":82}},"type":"cond-expr","locations":[{"start":{"line":36,"column":14},"end":{"line":36,"column":154}},{"start":{"line":37,"column":14},"end":{"line":37,"column":82}}]},"3":{"loc":{"start":{"line":43,"column":8},"end":{"line":45,"column":9}},"type":"if","locations":[{"start":{"line":43,"column":8},"end":{"line":45,"column":9}}]},"4":{"loc":{"start":{"line":64,"column":8},"end":{"line":66,"column":9}},"type":"if","locations":[{"start":{"line":64,"column":8},"end":{"line":66,"column":9}}]},"5":{"loc":{"start":{"line":76,"column":12},"end":{"line":78,"column":13}},"type":"if","locations":[{"start":{"line":76,"column":12},"end":{"line":78,"column":13}}]},"6":{"loc":{"start":{"line":89,"column":12},"end":{"line":91,"column":13}},"type":"if","locations":[{"start":{"line":89,"column":12},"end":{"line":91,"column":13}}]}},"s":{"0":1,"1":1,"2":0,"3":0,"4":0,"5":0,"6":0,"7":0,"8":0,"9":0,"10":0,"11":0,"12":0,"13":0,"14":0,"15":0,"16":0,"17":0,"18":0,"19":0,"20":0,"21":0,"22":0,"23":0,"24":0,"25":2,"26":2,"27":2,"28":0,"29":2,"30":0,"31":0,"32":0,"33":0,"34":0,"35":0,"36":0,"37":0,"38":0,"39":1},"f":{"0":0,"1":0,"2":0,"3":0,"4":2,"5":0},"b":{"0":[0,0],"1":[0],"2":[0,0],"3":[0],"4":[0],"5":[0],"6":[0]}}
,"C:\\Users\\320110174\\Documents\\particular-projects\\task-app-backend\\src\\app\\user\\CreateUser.ts": {"path":"C:\\Users\\320110174\\Documents\\particular-projects\\task-app-backend\\src\\app\\user\\CreateUser.ts","statementMap":{"0":{"start":{"line":5,"column":24},"end":{"line":5,"column":80}},"1":{"start":{"line":6,"column":8},"end":{"line":6,"column":45}},"2":{"start":{"line":11,"column":8},"end":{"line":13,"column":9}},"3":{"start":{"line":12,"column":12},"end":{"line":12,"column":49}},"4":{"start":{"line":15,"column":21},"end":{"line":15,"column":63}},"5":{"start":{"line":16,"column":8},"end":{"line":16,"column":20}},"6":{"start":{"line":3,"column":0},"end":{"line":3,"column":13}}},"fnMap":{"0":{"name":"(anonymous_0)","decl":{"start":{"line":5,"column":4},"end":{"line":5,"column":24}},"loc":{"start":{"line":5,"column":80},"end":{"line":7,"column":5}}},"1":{"name":"(anonymous_1)","decl":{"start":{"line":9,"column":4},"end":{"line":9,"column":9}},"loc":{"start":{"line":9,"column":32},"end":{"line":17,"column":5}}}},"branchMap":{"0":{"loc":{"start":{"line":11,"column":8},"end":{"line":13,"column":9}},"type":"if","locations":[{"start":{"line":11,"column":8},"end":{"line":13,"column":9}}]},"1":{"loc":{"start":{"line":11,"column":12},"end":{"line":11,"column":67}},"type":"binary-expr","locations":[{"start":{"line":11,"column":12},"end":{"line":11,"column":26}},{"start":{"line":11,"column":30},"end":{"line":11,"column":45}},{"start":{"line":11,"column":49},"end":{"line":11,"column":67}}]}},"s":{"0":0,"1":0,"2":0,"3":0,"4":0,"5":0,"6":1},"f":{"0":0,"1":0},"b":{"0":[0],"1":[0,0,0]}}
,"C:\\Users\\320110174\\Documents\\particular-projects\\task-app-backend\\src\\app\\user\\DeleteUser.ts": {"path":"C:\\Users\\320110174\\Documents\\particular-projects\\task-app-backend\\src\\app\\user\\DeleteUser.ts","statementMap":{"0":{"start":{"line":4,"column":24},"end":{"line":4,"column":80}},"1":{"start":{"line":5,"column":8},"end":{"line":5,"column":45}},"2":{"start":{"line":9,"column":8},"end":{"line":11,"column":9}},"3":{"start":{"line":10,"column":12},"end":{"line":10,"column":51}},"4":{"start":{"line":13,"column":8},"end":{"line":13,"column":45}},"5":{"start":{"line":3,"column":0},"end":{"line":3,"column":13}}},"fnMap":{"0":{"name":"(anonymous_0)","decl":{"start":{"line":4,"column":4},"end":{"line":4,"column":24}},"loc":{"start":{"line":4,"column":80},"end":{"line":6,"column":5}}},"1":{"name":"(anonymous_1)","decl":{"start":{"line":8,"column":4},"end":{"line":8,"column":9}},"loc":{"start":{"line":8,"column":28},"end":{"line":14,"column":5}}}},"branchMap":{"0":{"loc":{"start":{"line":9,"column":8},"end":{"line":11,"column":9}},"type":"if","locations":[{"start":{"line":9,"column":8},"end":{"line":11,"column":9}}]}},"s":{"0":0,"1":0,"2":0,"3":0,"4":0,"5":1},"f":{"0":0,"1":0},"b":{"0":[0]}}
,"C:\\Users\\320110174\\Documents\\particular-projects\\task-app-backend\\src\\app\\user\\EditUser.ts": {"path":"C:\\Users\\320110174\\Documents\\particular-projects\\task-app-backend\\src\\app\\user\\EditUser.ts","statementMap":{"0":{"start":{"line":4,"column":24},"end":{"line":4,"column":80}},"1":{"start":{"line":5,"column":8},"end":{"line":5,"column":45}},"2":{"start":{"line":9,"column":8},"end":{"line":11,"column":9}},"3":{"start":{"line":10,"column":12},"end":{"line":10,"column":47}},"4":{"start":{"line":13,"column":28},"end":{"line":13,"column":68}},"5":{"start":{"line":14,"column":8},"end":{"line":16,"column":9}},"6":{"start":{"line":15,"column":12},"end":{"line":15,"column":46}},"7":{"start":{"line":17,"column":8},"end":{"line":17,"column":20}},"8":{"start":{"line":3,"column":0},"end":{"line":3,"column":13}}},"fnMap":{"0":{"name":"(anonymous_0)","decl":{"start":{"line":4,"column":4},"end":{"line":4,"column":24}},"loc":{"start":{"line":4,"column":80},"end":{"line":6,"column":5}}},"1":{"name":"(anonymous_1)","decl":{"start":{"line":8,"column":4},"end":{"line":8,"column":9}},"loc":{"start":{"line":8,"column":40},"end":{"line":18,"column":5}}}},"branchMap":{"0":{"loc":{"start":{"line":9,"column":8},"end":{"line":11,"column":9}},"type":"if","locations":[{"start":{"line":9,"column":8},"end":{"line":11,"column":9}}]},"1":{"loc":{"start":{"line":14,"column":8},"end":{"line":16,"column":9}},"type":"if","locations":[{"start":{"line":14,"column":8},"end":{"line":16,"column":9}}]}},"s":{"0":0,"1":0,"2":0,"3":0,"4":0,"5":0,"6":0,"7":0,"8":1},"f":{"0":0,"1":0},"b":{"0":[0],"1":[0]}}
,"C:\\Users\\320110174\\Documents\\particular-projects\\task-app-backend\\src\\app\\user\\FindUserById.ts": {"path":"C:\\Users\\320110174\\Documents\\particular-projects\\task-app-backend\\src\\app\\user\\FindUserById.ts","statementMap":{"0":{"start":{"line":4,"column":24},"end":{"line":4,"column":80}},"1":{"start":{"line":5,"column":8},"end":{"line":5,"column":45}},"2":{"start":{"line":9,"column":8},"end":{"line":11,"column":9}},"3":{"start":{"line":10,"column":12},"end":{"line":10,"column":47}},"4":{"start":{"line":13,"column":21},"end":{"line":13,"column":59}},"5":{"start":{"line":14,"column":8},"end":{"line":16,"column":9}},"6":{"start":{"line":15,"column":12},"end":{"line":15,"column":46}},"7":{"start":{"line":17,"column":8},"end":{"line":17,"column":20}},"8":{"start":{"line":3,"column":0},"end":{"line":3,"column":13}}},"fnMap":{"0":{"name":"(anonymous_0)","decl":{"start":{"line":4,"column":4},"end":{"line":4,"column":24}},"loc":{"start":{"line":4,"column":80},"end":{"line":6,"column":5}}},"1":{"name":"(anonymous_1)","decl":{"start":{"line":8,"column":4},"end":{"line":8,"column":9}},"loc":{"start":{"line":8,"column":28},"end":{"line":18,"column":5}}}},"branchMap":{"0":{"loc":{"start":{"line":9,"column":8},"end":{"line":11,"column":9}},"type":"if","locations":[{"start":{"line":9,"column":8},"end":{"line":11,"column":9}}]},"1":{"loc":{"start":{"line":14,"column":8},"end":{"line":16,"column":9}},"type":"if","locations":[{"start":{"line":14,"column":8},"end":{"line":16,"column":9}}]}},"s":{"0":0,"1":0,"2":0,"3":0,"4":0,"5":0,"6":0,"7":0,"8":1},"f":{"0":0,"1":0},"b":{"0":[0],"1":[0]}}
,"C:\\Users\\320110174\\Documents\\particular-projects\\task-app-backend\\src\\app\\user\\ListUser.ts": {"path":"C:\\Users\\320110174\\Documents\\particular-projects\\task-app-backend\\src\\app\\user\\ListUser.ts","statementMap":{"0":{"start":{"line":4,"column":24},"end":{"line":4,"column":80}},"1":{"start":{"line":5,"column":8},"end":{"line":5,"column":45}},"2":{"start":{"line":9,"column":22},"end":{"line":9,"column":60}},"3":{"start":{"line":10,"column":8},"end":{"line":12,"column":9}},"4":{"start":{"line":11,"column":12},"end":{"line":11,"column":46}},"5":{"start":{"line":13,"column":8},"end":{"line":13,"column":21}},"6":{"start":{"line":3,"column":0},"end":{"line":3,"column":13}}},"fnMap":{"0":{"name":"(anonymous_0)","decl":{"start":{"line":4,"column":4},"end":{"line":4,"column":24}},"loc":{"start":{"line":4,"column":80},"end":{"line":6,"column":5}}},"1":{"name":"(anonymous_1)","decl":{"start":{"line":8,"column":4},"end":{"line":8,"column":9}},"loc":{"start":{"line":8,"column":37},"end":{"line":14,"column":5}}}},"branchMap":{"0":{"loc":{"start":{"line":8,"column":18},"end":{"line":8,"column":37}},"type":"default-arg","locations":[{"start":{"line":8,"column":35},"end":{"line":8,"column":37}}]},"1":{"loc":{"start":{"line":10,"column":8},"end":{"line":12,"column":9}},"type":"if","locations":[{"start":{"line":10,"column":8},"end":{"line":12,"column":9}}]}},"s":{"0":0,"1":0,"2":0,"3":0,"4":0,"5":0,"6":1},"f":{"0":0,"1":0},"b":{"0":[0],"1":[0]}}
,"C:\\Users\\320110174\\Documents\\particular-projects\\task-app-backend\\src\\auth\\authController.ts": {"path":"C:\\Users\\320110174\\Documents\\particular-projects\\task-app-backend\\src\\auth\\authController.ts","statementMap":{"0":{"start":{"line":2,"column":0},"end":{"line":2,"column":31}},"1":{"start":{"line":3,"column":0},"end":{"line":3,"column":28}},"2":{"start":{"line":4,"column":0},"end":{"line":4,"column":44}},"3":{"start":{"line":12,"column":8},"end":{"line":12,"column":45}},"4":{"start":{"line":16,"column":8},"end":{"line":30,"column":9}},"5":{"start":{"line":17,"column":25},"end":{"line":17,"column":69}},"6":{"start":{"line":18,"column":12},"end":{"line":20,"column":13}},"7":{"start":{"line":19,"column":16},"end":{"line":19,"column":44}},"8":{"start":{"line":21,"column":26},"end":{"line":23,"column":14}},"9":{"start":{"line":25,"column":28},"end":{"line":25,"column":88}},"10":{"start":{"line":26,"column":12},"end":{"line":26,"column":75}},"11":{"start":{"line":27,"column":12},"end":{"line":27,"column":25}},"12":{"start":{"line":29,"column":12},"end":{"line":29,"column":27}},"13":{"start":{"line":34,"column":8},"end":{"line":45,"column":9}},"14":{"start":{"line":35,"column":28},"end":{"line":35,"column":88}},"15":{"start":{"line":36,"column":32},"end":{"line":36,"column":75}},"16":{"start":{"line":37,"column":12},"end":{"line":40,"column":13}},"17":{"start":{"line":38,"column":16},"end":{"line":38,"column":37}},"18":{"start":{"line":39,"column":16},"end":{"line":39,"column":42}},"19":{"start":{"line":42,"column":12},"end":{"line":42,"column":null}},"20":{"start":{"line":44,"column":12},"end":{"line":44,"column":27}},"21":{"start":{"line":49,"column":8},"end":{"line":56,"column":9}},"22":{"start":{"line":50,"column":28},"end":{"line":50,"column":88}},"23":{"start":{"line":51,"column":12},"end":{"line":51,"column":54}},"24":{"start":{"line":52,"column":12},"end":{"line":52,"column":56}},"25":{"start":{"line":55,"column":12},"end":{"line":55,"column":27}},"26":{"start":{"line":8,"column":0},"end":{"line":8,"column":13}}},"fnMap":{"0":{"name":"(anonymous_1)","decl":{"start":{"line":11,"column":4},"end":{"line":11,"column":16}},"loc":{"start":{"line":11,"column":46},"end":{"line":13,"column":5}}},"1":{"name":"(anonymous_2)","decl":{"start":{"line":15,"column":4},"end":{"line":15,"column":9}},"loc":{"start":{"line":15,"column":47},"end":{"line":31,"column":5}}},"2":{"name":"(anonymous_3)","decl":{"start":{"line":33,"column":4},"end":{"line":33,"column":9}},"loc":{"start":{"line":33,"column":37},"end":{"line":46,"column":5}}},"3":{"name":"(anonymous_4)","decl":{"start":{"line":48,"column":4},"end":{"line":48,"column":9}},"loc":{"start":{"line":48,"column":30},"end":{"line":57,"column":5}}}},"branchMap":{"0":{"loc":{"start":{"line":18,"column":12},"end":{"line":20,"column":13}},"type":"if","locations":[{"start":{"line":18,"column":12},"end":{"line":20,"column":13}}]},"1":{"loc":{"start":{"line":18,"column":16},"end":{"line":18,"column":73}},"type":"binary-expr","locations":[{"start":{"line":18,"column":16},"end":{"line":18,"column":21}},{"start":{"line":18,"column":25},"end":{"line":18,"column":73}}]},"2":{"loc":{"start":{"line":37,"column":12},"end":{"line":40,"column":13}},"type":"if","locations":[{"start":{"line":37,"column":12},"end":{"line":40,"column":13}}]},"3":{"loc":{"start":{"line":37,"column":16},"end":{"line":37,"column":53}},"type":"binary-expr","locations":[{"start":{"line":37,"column":16},"end":{"line":37,"column":28}},{"start":{"line":37,"column":32},"end":{"line":37,"column":53}}]}},"s":{"0":1,"1":1,"2":1,"3":2,"4":2,"5":2,"6":2,"7":0,"8":2,"9":2,"10":2,"11":2,"12":0,"13":1,"14":1,"15":1,"16":1,"17":0,"18":0,"19":1,"20":0,"21":0,"22":0,"23":0,"24":0,"25":0,"26":1},"f":{"0":2,"1":2,"2":1,"3":0},"b":{"0":[0],"1":[2,2],"2":[0],"3":[1,0]}}
,"C:\\Users\\320110174\\Documents\\particular-projects\\task-app-backend\\src\\auth\\authMiddleware.ts": {"path":"C:\\Users\\320110174\\Documents\\particular-projects\\task-app-backend\\src\\auth\\authMiddleware.ts","statementMap":{"0":{"start":{"line":5,"column":0},"end":{"line":5,"column":7}},"1":{"start":{"line":2,"column":0},"end":{"line":2,"column":31}},"2":{"start":{"line":3,"column":0},"end":{"line":3,"column":45}},"3":{"start":{"line":6,"column":23},"end":{"line":6,"column":65}},"4":{"start":{"line":8,"column":4},"end":{"line":10,"column":5}},"5":{"start":{"line":9,"column":8},"end":{"line":9,"column":86}},"6":{"start":{"line":12,"column":18},"end":{"line":12,"column":42}},"7":{"start":{"line":13,"column":4},"end":{"line":15,"column":5}},"8":{"start":{"line":14,"column":8},"end":{"line":14,"column":71}},"9":{"start":{"line":17,"column":4},"end":{"line":28,"column":5}},"10":{"start":{"line":18,"column":24},"end":{"line":18,"column":99}},"11":{"start":{"line":19,"column":28},"end":{"line":19,"column":71}},"12":{"start":{"line":20,"column":8},"end":{"line":22,"column":9}},"13":{"start":{"line":21,"column":12},"end":{"line":21,"column":71}},"14":{"start":{"line":24,"column":8},"end":{"line":24,"column":31}},"15":{"start":{"line":26,"column":8},"end":{"line":26,"column":47}},"16":{"start":{"line":27,"column":8},"end":{"line":27,"column":67}}},"fnMap":{"0":{"name":"authMiddleware","decl":{"start":{"line":5,"column":22},"end":{"line":5,"column":36}},"loc":{"start":{"line":5,"column":81},"end":{"line":29,"column":1}}}},"branchMap":{"0":{"loc":{"start":{"line":8,"column":4},"end":{"line":10,"column":5}},"type":"if","locations":[{"start":{"line":8,"column":4},"end":{"line":10,"column":5}}]},"1":{"loc":{"start":{"line":13,"column":4},"end":{"line":15,"column":5}},"type":"if","locations":[{"start":{"line":13,"column":4},"end":{"line":15,"column":5}}]},"2":{"loc":{"start":{"line":20,"column":8},"end":{"line":22,"column":9}},"type":"if","locations":[{"start":{"line":20,"column":8},"end":{"line":22,"column":9}}]}},"s":{"0":1,"1":1,"2":1,"3":0,"4":0,"5":0,"6":0,"7":0,"8":0,"9":0,"10":0,"11":0,"12":0,"13":0,"14":0,"15":0,"16":0},"f":{"0":0},"b":{"0":[0],"1":[0],"2":[0]}}
,"C:\\Users\\320110174\\Documents\\particular-projects\\task-app-backend\\src\\infra\\database\\db.ts": {"path":"C:\\Users\\320110174\\Documents\\particular-projects\\task-app-backend\\src\\infra\\database\\db.ts","statementMap":{"0":{"start":{"line":1,"column":0},"end":{"line":1,"column":22}},"1":{"start":{"line":2,"column":0},"end":{"line":2,"column":31}},"2":{"start":{"line":6,"column":64},"end":{"line":6,"column":75}},"3":{"start":{"line":7,"column":12},"end":{"line":7,"column":107}},"4":{"start":{"line":9,"column":13},"end":{"line":9,"column":53}}},"fnMap":{},"branchMap":{},"s":{"0":1,"1":1,"2":1,"3":1,"4":1},"f":{},"b":{}}
,"C:\\Users\\320110174\\Documents\\particular-projects\\task-app-backend\\src\\infra\\web\\routes\\UserRoutes.ts": {"path":"C:\\Users\\320110174\\Documents\\particular-projects\\task-app-backend\\src\\infra\\web\\routes\\UserRoutes.ts","statementMap":{"0":{"start":{"line":22,"column":0},"end":{"line":22,"column":15}},"1":{"start":{"line":2,"column":0},"end":{"line":2,"column":61}},"2":{"start":{"line":4,"column":0},"end":{"line":4,"column":65}},"3":{"start":{"line":6,"column":0},"end":{"line":6,"column":57}},"4":{"start":{"line":7,"column":0},"end":{"line":7,"column":57}},"5":{"start":{"line":8,"column":0},"end":{"line":8,"column":61}},"6":{"start":{"line":9,"column":0},"end":{"line":9,"column":65}},"7":{"start":{"line":23,"column":31},"end":{"line":23,"column":38}},"8":{"start":{"line":26,"column":4},"end":{"line":31,"column":7}},"9":{"start":{"line":27,"column":27},"end":{"line":27,"column":57}},"10":{"start":{"line":28,"column":21},"end":{"line":28,"column":59}},"11":{"start":{"line":30,"column":8},"end":{"line":30,"column":44}},"12":{"start":{"line":34,"column":4},"end":{"line":39,"column":7}},"13":{"start":{"line":35,"column":25},"end":{"line":35,"column":53}},"14":{"start":{"line":36,"column":22},"end":{"line":36,"column":72}},"15":{"start":{"line":38,"column":8},"end":{"line":38,"column":45}},"16":{"start":{"line":41,"column":4},"end":{"line":46,"column":7}},"17":{"start":{"line":42,"column":25},"end":{"line":42,"column":53}},"18":{"start":{"line":43,"column":21},"end":{"line":43,"column":76}},"19":{"start":{"line":45,"column":8},"end":{"line":45,"column":44}},"20":{"start":{"line":48,"column":4},"end":{"line":53,"column":7}},"21":{"start":{"line":49,"column":27},"end":{"line":49,"column":57}},"22":{"start":{"line":50,"column":8},"end":{"line":50,"column":52}},"23":{"start":{"line":52,"column":8},"end":{"line":52,"column":40}},"24":{"start":{"line":55,"column":4},"end":{"line":66,"column":7}},"25":{"start":{"line":56,"column":29},"end":{"line":56,"column":61}},"26":{"start":{"line":57,"column":21},"end":{"line":57,"column":66}},"27":{"start":{"line":58,"column":8},"end":{"line":65,"column":13}}},"fnMap":{"0":{"name":"userRoutes","decl":{"start":{"line":22,"column":30},"end":{"line":22,"column":40}},"loc":{"start":{"line":22,"column":95},"end":{"line":67,"column":1}}},"1":{"name":"(anonymous_1)","decl":{"start":{"line":26,"column":29},"end":{"line":26,"column":34}},"loc":{"start":{"line":26,"column":100},"end":{"line":31,"column":5}}},"2":{"name":"(anonymous_2)","decl":{"start":{"line":34,"column":78},"end":{"line":34,"column":83}},"loc":{"start":{"line":34,"column":117},"end":{"line":39,"column":5}}},"3":{"name":"(anonymous_3)","decl":{"start":{"line":41,"column":82},"end":{"line":41,"column":87}},"loc":{"start":{"line":41,"column":121},"end":{"line":46,"column":5}}},"4":{"name":"(anonymous_4)","decl":{"start":{"line":48,"column":85},"end":{"line":48,"column":90}},"loc":{"start":{"line":48,"column":124},"end":{"line":53,"column":5}}},"5":{"name":"(anonymous_5)","decl":{"start":{"line":55,"column":82},"end":{"line":55,"column":87}},"loc":{"start":{"line":55,"column":121},"end":{"line":66,"column":5}}}},"branchMap":{"0":{"loc":{"start":{"line":36,"column":45},"end":{"line":36,"column":71}},"type":"binary-expr","locations":[{"start":{"line":36,"column":45},"end":{"line":36,"column":65}},{"start":{"line":36,"column":69},"end":{"line":36,"column":71}}]}},"s":{"0":1,"1":1,"2":1,"3":1,"4":1,"5":1,"6":1,"7":1,"8":1,"9":0,"10":0,"11":0,"12":1,"13":0,"14":0,"15":0,"16":1,"17":0,"18":0,"19":0,"20":1,"21":0,"22":0,"23":0,"24":1,"25":0,"26":0,"27":0},"f":{"0":1,"1":0,"2":0,"3":0,"4":0,"5":0},"b":{"0":[0,0]}}
}
