TN:
SF:src\__tests__\routes\repository\TasRepositoryInMemory.ts
FN:5,(anonymous_0)
FN:8,(anonymous_1)
FN:26,(anonymous_2)
FN:41,(anonymous_3)
FN:44,(anonymous_4)
FN:59,(anonymous_5)
FN:68,(anonymous_6)
FN:83,(anonymous_7)
FN:91,(anonymous_8)
FN:110,(anonymous_9)
FNF:10
FNH:8
FNDA:1,(anonymous_0)
FNDA:0,(anonymous_1)
FNDA:1,(anonymous_2)
FNDA:3,(anonymous_3)
FNDA:2,(anonymous_4)
FNDA:6,(anonymous_5)
FNDA:2,(anonymous_6)
FNDA:4,(anonymous_7)
FNDA:1,(anonymous_8)
FNDA:0,(anonymous_9)
DA:5,1
DA:6,1
DA:9,0
DA:23,0
DA:27,1
DA:40,1
DA:41,3
DA:45,2
DA:59,6
DA:60,2
DA:61,1
DA:64,1
DA:65,1
DA:69,2
DA:83,4
DA:84,2
DA:85,1
DA:88,1
DA:92,1
DA:106,1
DA:107,1
DA:110,0
LF:22
LH:19
BRDA:60,0,0,1
BRDA:84,1,0,1
BRDA:106,2,0,1
BRDA:110,3,0,0
BRDA:110,3,1,0
BRDA:110,3,2,0
BRF:6
BRH:3
end_of_record
TN:
SF:src\__tests__\routes\repository\UserRepositoryInMemory.ts
FN:4,(anonymous_0)
FN:9,(anonymous_1)
FN:19,(anonymous_2)
FN:26,(anonymous_3)
FN:39,(anonymous_4)
FN:53,(anonymous_5)
FN:56,(anonymous_6)
FN:67,(anonymous_7)
FN:70,(anonymous_8)
FN:81,(anonymous_9)
FN:91,(anonymous_10)
FN:102,(anonymous_11)
FNF:12
FNH:10
FNDA:1,(anonymous_0)
FNDA:2,(anonymous_1)
FNDA:5,(anonymous_2)
FNDA:0,(anonymous_3)
FNDA:1,(anonymous_4)
FNDA:0,(anonymous_5)
FNDA:1,(anonymous_6)
FNDA:4,(anonymous_7)
FNDA:1,(anonymous_8)
FNDA:1,(anonymous_9)
FNDA:1,(anonymous_10)
FNDA:1,(anonymous_11)
DA:4,1
DA:6,1
DA:10,2
DA:19,5
DA:20,2
DA:21,1
DA:23,1
DA:27,0
DA:36,0
DA:40,1
DA:50,1
DA:51,1
DA:53,0
DA:57,1
DA:66,1
DA:67,4
DA:71,1
DA:81,1
DA:83,1
DA:84,0
DA:87,1
DA:88,1
DA:92,1
DA:102,1
DA:103,1
DA:104,0
DA:107,1
LF:27
LH:22
BRDA:20,0,0,1
BRDA:50,1,0,1
BRDA:53,2,0,0
BRDA:53,2,1,0
BRDA:83,3,0,0
BRDA:103,4,0,0
BRF:6
BRH:2
end_of_record
TN:
SF:src\adapters\postgres\UserRepositoryPostgres.ts
FN:8,(anonymous_1)
FN:32,(anonymous_2)
FN:40,(anonymous_3)
FN:61,(anonymous_4)
FN:73,(anonymous_5)
FN:86,(anonymous_6)
FNF:6
FNH:1
FNDA:0,(anonymous_1)
FNDA:0,(anonymous_2)
FNDA:0,(anonymous_3)
FNDA:0,(anonymous_4)
FNDA:4,(anonymous_5)
FNDA:0,(anonymous_6)
DA:1,1
DA:4,1
DA:6,1
DA:9,0
DA:10,0
DA:11,0
DA:13,0
DA:18,0
DA:19,0
DA:22,0
DA:23,0
DA:24,0
DA:26,0
DA:27,0
DA:33,0
DA:35,0
DA:41,0
DA:42,0
DA:43,0
DA:44,0
DA:46,0
DA:58,0
DA:62,0
DA:64,0
DA:65,0
DA:67,0
DA:74,4
DA:75,4
DA:76,4
DA:77,0
DA:79,4
DA:82,0
DA:83,0
DA:87,0
DA:88,0
DA:89,0
DA:90,0
DA:92,0
DA:95,0
DA:96,0
LF:40
LH:7
BRDA:22,0,0,0
BRDA:22,0,1,0
BRDA:32,1,0,0
BRDA:35,2,0,0
BRDA:35,2,1,0
BRDA:43,3,0,0
BRDA:64,4,0,0
BRDA:76,5,0,0
BRDA:89,6,0,0
BRF:9
BRH:0
end_of_record
TN:
SF:src\app\tasks\CreateTask.ts
FN:4,(anonymous_0)
FN:8,(anonymous_1)
FNF:2
FNH:0
FNDA:0,(anonymous_0)
FNDA:0,(anonymous_1)
DA:3,1
DA:4,0
DA:5,0
DA:9,0
DA:10,0
DA:11,0
DA:14,0
DA:15,0
LF:8
LH:1
BRDA:9,0,0,0
BRDA:9,1,0,0
BRDA:9,1,1,0
BRF:3
BRH:0
end_of_record
TN:
SF:src\app\tasks\DeleteTask.ts
FN:4,(anonymous_0)
FN:8,(anonymous_1)
FNF:2
FNH:0
FNDA:0,(anonymous_0)
FNDA:0,(anonymous_1)
DA:3,1
DA:4,0
DA:5,0
DA:9,0
DA:10,0
DA:13,0
LF:6
LH:1
BRDA:9,0,0,0
BRF:1
BRH:0
end_of_record
TN:
SF:src\app\tasks\EditTask.ts
FN:4,(anonymous_0)
FN:8,(anonymous_1)
FNF:2
FNH:0
FNDA:0,(anonymous_0)
FNDA:0,(anonymous_1)
DA:3,1
DA:4,0
DA:5,0
DA:9,0
DA:10,0
DA:11,0
DA:13,0
LF:7
LH:1
BRDA:10,0,0,0
BRF:1
BRH:0
end_of_record
TN:
SF:src\app\tasks\FindTaskById.ts
FN:4,(anonymous_0)
FN:8,(anonymous_1)
FNF:2
FNH:0
FNDA:0,(anonymous_0)
FNDA:0,(anonymous_1)
DA:3,1
DA:4,0
DA:5,0
DA:9,0
DA:10,0
DA:13,0
DA:14,0
DA:15,0
DA:17,0
LF:9
LH:1
BRDA:9,0,0,0
BRDA:14,1,0,0
BRF:2
BRH:0
end_of_record
TN:
SF:src\app\tasks\ListTask.ts
FN:4,(anonymous_0)
FN:8,(anonymous_1)
FNF:2
FNH:0
FNDA:0,(anonymous_0)
FNDA:0,(anonymous_1)
DA:3,1
DA:4,0
DA:5,0
DA:9,0
DA:10,0
DA:11,0
DA:13,0
LF:7
LH:1
BRDA:8,0,0,0
BRDA:10,1,0,0
BRF:2
BRH:0
end_of_record
TN:
SF:src\app\user\CreateUser.ts
FN:5,(anonymous_0)
FN:9,(anonymous_1)
FNF:2
FNH:0
FNDA:0,(anonymous_0)
FNDA:0,(anonymous_1)
DA:3,1
DA:5,0
DA:6,0
DA:11,0
DA:12,0
DA:15,0
DA:16,0
LF:7
LH:1
BRDA:11,0,0,0
BRDA:11,1,0,0
BRDA:11,1,1,0
BRDA:11,1,2,0
BRF:4
BRH:0
end_of_record
TN:
SF:src\app\user\DeleteUser.ts
FN:4,(anonymous_0)
FN:8,(anonymous_1)
FNF:2
FNH:0
FNDA:0,(anonymous_0)
FNDA:0,(anonymous_1)
DA:3,1
DA:4,0
DA:5,0
DA:9,0
DA:10,0
DA:13,0
LF:6
LH:1
BRDA:9,0,0,0
BRF:1
BRH:0
end_of_record
TN:
SF:src\app\user\EditUser.ts
FN:4,(anonymous_0)
FN:8,(anonymous_1)
FNF:2
FNH:0
FNDA:0,(anonymous_0)
FNDA:0,(anonymous_1)
DA:3,1
DA:4,0
DA:5,0
DA:9,0
DA:10,0
DA:13,0
DA:14,0
DA:15,0
DA:17,0
LF:9
LH:1
BRDA:9,0,0,0
BRDA:14,1,0,0
BRF:2
BRH:0
end_of_record
TN:
SF:src\app\user\FindUserById.ts
FN:4,(anonymous_0)
FN:8,(anonymous_1)
FNF:2
FNH:0
FNDA:0,(anonymous_0)
FNDA:0,(anonymous_1)
DA:3,1
DA:4,0
DA:5,0
DA:9,0
DA:10,0
DA:13,0
DA:14,0
DA:15,0
DA:17,0
LF:9
LH:1
BRDA:9,0,0,0
BRDA:14,1,0,0
BRF:2
BRH:0
end_of_record
TN:
SF:src\app\user\ListUser.ts
FN:4,(anonymous_0)
FN:8,(anonymous_1)
FNF:2
FNH:0
FNDA:0,(anonymous_0)
FNDA:0,(anonymous_1)
DA:3,1
DA:4,0
DA:5,0
DA:9,0
DA:10,0
DA:11,0
DA:13,0
LF:7
LH:1
BRDA:8,0,0,0
BRDA:10,1,0,0
BRF:2
BRH:0
end_of_record
TN:
SF:src\auth\authController.ts
FN:10,(anonymous_1)
FN:14,(anonymous_2)
FN:32,(anonymous_3)
FN:47,(anonymous_4)
FNF:4
FNH:4
FNDA:1,(anonymous_1)
FNDA:4,(anonymous_2)
FNDA:1,(anonymous_3)
FNDA:1,(anonymous_4)
DA:1,1
DA:2,1
DA:3,1
DA:7,1
DA:11,1
DA:15,4
DA:16,4
DA:17,4
DA:18,1
DA:20,3
DA:24,3
DA:25,3
DA:26,3
DA:28,0
DA:33,1
DA:34,1
DA:35,1
DA:36,1
DA:37,0
DA:38,0
DA:41,1
DA:43,0
DA:48,1
DA:49,1
DA:50,1
DA:51,1
DA:52,1
DA:55,0
DA:56,0
LF:29
LH:23
BRDA:17,0,0,1
BRDA:17,1,0,4
BRDA:17,1,1,4
BRDA:36,2,0,0
BRDA:36,3,0,1
BRDA:36,3,1,0
BRDA:50,4,0,1
BRF:7
BRH:5
end_of_record
TN:
SF:src\auth\authMiddleware.ts
FN:5,authMiddleware
FNF:1
FNH:0
FNDA:0,authMiddleware
DA:2,2
DA:3,2
DA:5,2
DA:6,0
DA:8,0
DA:9,0
DA:12,0
DA:13,0
DA:14,0
DA:17,0
DA:18,0
DA:19,0
DA:20,0
DA:21,0
DA:24,0
DA:26,0
DA:27,0
LF:17
LH:3
BRDA:8,0,0,0
BRDA:13,1,0,0
BRDA:20,2,0,0
BRF:3
BRH:0
end_of_record
TN:
SF:src\infra\database\db.ts
FNF:0
FNH:0
DA:1,1
DA:2,1
DA:6,1
DA:7,1
DA:9,1
LF:5
LH:5
BRF:0
BRH:0
end_of_record
TN:
SF:src\infra\web\routes\TasksRoutes.ts
FN:22,tasksRoutes
FN:25,(anonymous_1)
FN:32,(anonymous_2)
FN:39,(anonymous_3)
FN:46,(anonymous_4)
FN:53,(anonymous_5)
FNF:6
FNH:1
FNDA:1,tasksRoutes
FNDA:0,(anonymous_1)
FNDA:0,(anonymous_2)
FNDA:0,(anonymous_3)
FNDA:0,(anonymous_4)
FNDA:0,(anonymous_5)
DA:2,1
DA:3,1
DA:6,1
DA:7,1
DA:8,1
DA:9,1
DA:22,1
DA:23,1
DA:25,1
DA:26,0
DA:27,0
DA:29,0
DA:32,1
DA:33,0
DA:34,0
DA:36,0
DA:39,1
DA:40,0
DA:41,0
DA:43,0
DA:46,1
DA:47,0
DA:48,0
DA:50,0
DA:53,1
DA:54,0
DA:55,0
DA:57,0
LF:28
LH:13
BRDA:34,0,0,0
BRDA:34,0,1,0
BRF:2
BRH:0
end_of_record
TN:
SF:src\infra\web\routes\UserRoutes.ts
FN:22,userRoutes
FN:26,(anonymous_1)
FN:34,(anonymous_2)
FN:41,(anonymous_3)
FN:48,(anonymous_4)
FN:55,(anonymous_5)
FNF:6
FNH:1
FNDA:1,userRoutes
FNDA:0,(anonymous_1)
FNDA:0,(anonymous_2)
FNDA:0,(anonymous_3)
FNDA:0,(anonymous_4)
FNDA:0,(anonymous_5)
DA:2,1
DA:4,1
DA:6,1
DA:7,1
DA:8,1
DA:9,1
DA:22,1
DA:23,1
DA:26,1
DA:27,0
DA:28,0
DA:30,0
DA:34,1
DA:35,0
DA:36,0
DA:38,0
DA:41,1
DA:42,0
DA:43,0
DA:45,0
DA:48,1
DA:49,0
DA:50,0
DA:52,0
DA:55,1
DA:56,0
DA:57,0
DA:58,0
LF:28
LH:13
BRDA:36,0,0,0
BRDA:36,0,1,0
BRF:2
BRH:0
end_of_record
